<?xml version="1.0" encoding="UTF-8"?>
<!-- Generated by org.testng.reporters.JUnitReportReporter -->
<testsuite skipped="0" hostname="Olayinkas-MacBook-Pro.local" name="test.CheckBox_Test" tests="1" failures="0" timestamp="2021-04-27T21:59:19 CDT" time="5.515" errors="0">
  <testcase name="userShouldBeAbleToTick" time="5.515" classname="test.CheckBox_Test"/>
  <system-out/>
</testsuite> <!-- test.CheckBox_Test -->
