<?xml version="1.0" encoding="UTF-8"?>
<!-- Generated by org.testng.reporters.JUnitReportReporter -->
<testsuite skipped="0" hostname="Olayinkas-MacBook-Pro.local" name="test.Remove_Test" tests="1" failures="0" timestamp="26 Apr 2021 05:28:40 GMT" time="7.565" errors="0">
  <testcase name="shouldBeAbleToRemove" time="7.565" classname="test.Remove_Test"/>
</testsuite> <!-- test.Remove_Test -->
